<?xml version="1.0" encoding="UTF-8"?>
<!-- Generated by org.testng.reporters.JUnitReportReporter -->
<testsuite hostname="Dhrubajit-PC" failures="0" tests="1" name="runners.TestRunner" time="35.094" errors="0" timestamp="2025-09-02T09:47:00 IST" skipped="0">
  <testcase classname="runners.TestRunner" name="runScenario" time="35.094"/>
</testsuite> <!-- runners.TestRunner -->
