<?xml version="1.0" encoding="UTF-8"?>
<!-- Generated by org.testng.reporters.JUnitReportReporter -->
<testsuite hostname="Dhrubajit-PC" failures="0" tests="1" name="runners.TestRunner" time="34.813" errors="0" timestamp="2025-09-01T21:06:10 IST" skipped="0">
  <testcase classname="runners.TestRunner" name="runScenario" time="34.813"/>
</testsuite> <!-- runners.TestRunner -->
