<?xml version="1.0" encoding="UTF-8"?>
<!-- Generated by org.testng.reporters.JUnitReportReporter -->
<testsuite hostname="Dhrubajit-PC" failures="0" tests="4" name="runners.TestRunner" time="48.864" errors="0" timestamp="2025-08-30T21:59:38 IST" skipped="0">
  <testcase classname="runners.TestRunner" name="runScenario" time="8.127"/>
  <testcase classname="runners.TestRunner" name="runScenario" time="12.080"/>
  <testcase classname="runners.TestRunner" name="runScenario" time="17.346"/>
  <testcase classname="runners.TestRunner" name="runScenario" time="11.311"/>
</testsuite> <!-- runners.TestRunner -->
