<?xml version="1.0" encoding="UTF-8"?>
<!-- Generated by org.testng.reporters.JUnitReportReporter -->
<testsuite hostname="Dhrubajit-PC" failures="0" tests="20" name="runners.TestRunner" time="186.023" errors="0" timestamp="2025-09-01T10:13:07 IST" skipped="0">
  <testcase classname="runners.TestRunner" name="runScenario" time="8.280"/>
  <testcase classname="runners.TestRunner" name="runScenario" time="10.405"/>
  <testcase classname="runners.TestRunner" name="runScenario" time="8.663"/>
  <testcase classname="runners.TestRunner" name="runScenario" time="8.176"/>
  <testcase classname="runners.TestRunner" name="runScenario" time="7.718"/>
  <testcase classname="runners.TestRunner" name="runScenario" time="8.475"/>
  <testcase classname="runners.TestRunner" name="runScenario" time="9.668"/>
  <testcase classname="runners.TestRunner" name="runScenario" time="7.245"/>
  <testcase classname="runners.TestRunner" name="runScenario" time="7.533"/>
  <testcase classname="runners.TestRunner" name="runScenario" time="8.134"/>
  <testcase classname="runners.TestRunner" name="runScenario" time="11.306"/>
  <testcase classname="runners.TestRunner" name="runScenario" time="6.868"/>
  <testcase classname="runners.TestRunner" name="runScenario" time="6.995"/>
  <testcase classname="runners.TestRunner" name="runScenario" time="7.230"/>
  <testcase classname="runners.TestRunner" name="runScenario" time="7.036"/>
  <testcase classname="runners.TestRunner" name="runScenario" time="30.632"/>
  <testcase classname="runners.TestRunner" name="runScenario" time="7.753"/>
  <testcase classname="runners.TestRunner" name="runScenario" time="10.745"/>
  <testcase classname="runners.TestRunner" name="runScenario" time="6.767"/>
  <testcase classname="runners.TestRunner" name="runScenario" time="6.394"/>
</testsuite> <!-- runners.TestRunner -->
